<?xml version="1.0" encoding="UTF-8"?>
<!-- Generated by org.testng.reporters.JUnitReportReporter -->
<testsuite hostname="Arati-PC" name="TestScripts.jibe_general_Login" tests="1" failures="0" timestamp="17 Jun 2017 04:35:24 GMT" time="3.824" errors="0">
  <testcase name="main" time="3.824" classname="TestScripts.jibe_general_Login"/>
</testsuite> <!-- TestScripts.jibe_general_Login -->
