<?xml version="1.0" encoding="UTF-8"?>
<!-- Generated by org.testng.reporters.JUnitReportReporter -->
<testsuite hostname="Arati-PC" name="TestScripts.jibe_general_Open" tests="1" failures="0" timestamp="17 Jun 2017 04:35:24 GMT" time="13.280" errors="0">
  <testcase name="main" time="13.280" classname="TestScripts.jibe_general_Open"/>
</testsuite> <!-- TestScripts.jibe_general_Open -->
